-------------------------------------------------------------------------------
Test set: integration.servicelayer.customer.SvcCreateCustomerTest
-------------------------------------------------------------------------------
Tests run: 1, Failures: 0, Errors: 1, Skipped: 0, Time elapsed: 0.002 s <<< FAILURE! - in integration.servicelayer.customer.SvcCreateCustomerTest
integration.servicelayer.customer.SvcCreateCustomerTest  Time elapsed: 0.002 s  <<< ERROR!
java.lang.NoClassDefFoundError: Could not initialize class integration.ContainerizedDbIntegrationTest

